<?xml version="1.0" encoding="UTF-8"?>
<!-- Generated by org.testng.reporters.JUnitReportReporter -->
<testsuite skipped="0" hostname="DESKTOP-E9P9NAA" name="fr.paris10.miage.procs.exercice2.calculatrice.tests.CalculatriceTest" tests="2" failures="0" timestamp="25 Jan 2017 13:44:53 GMT" time="0.073" errors="0">
  <testcase name="testAjouter" time="0.067" classname="fr.paris10.miage.procs.exercice2.calculatrice.tests.CalculatriceTest"/>
  <testcase name="testSoustraire" time="0.006" classname="fr.paris10.miage.procs.exercice2.calculatrice.tests.CalculatriceTest"/>
</testsuite> <!-- fr.paris10.miage.procs.exercice2.calculatrice.tests.CalculatriceTest -->
